<?xml version="1.0" encoding="UTF-8"?>
<!-- Generated by org.testng.reporters.JUnitXMLReporter -->
<testsuite hostname="NODE105" name="Command line test" tests="6" failures="4" timestamp="23 Aug 2016 16:10:02 GMT" time="0.068" errors="0">
  <testcase name="t1" time="0.021" classname="com.a.b.CTest"/>
  <testcase name="t2" time="0.001" classname="com.a.b.CTest">
    <failure type="java.lang.AssertionError" message="  expected [true] but found [false]">
      <![CDATA[java.lang.AssertionError:   expected [true] but found [false]
	at com.a.b.CTest.t2(CTest.java:18)
... Removed 37 stack frames]]>
    </failure>
  </testcase> <!-- t2 -->
  <testcase name="t3" time="0.001" classname="com.a.b.CTest">
    <failure type="java.lang.AssertionError" message="  expected [true] but found [false]">
      <![CDATA[java.lang.AssertionError:   expected [true] but found [false]
	at com.a.b.CTest.t3(CTest.java:25)
... Removed 37 stack frames]]>
    </failure>
  </testcase> <!-- t3 -->
  <testcase name="t1" time="0.0" classname="com.a.b.DTest"/>
  <testcase name="t2" time="0.001" classname="com.a.b.DTest">
    <failure type="java.lang.AssertionError" message="  expected [true] but found [false]">
      <![CDATA[java.lang.AssertionError:   expected [true] but found [false]
	at com.a.b.DTest.t2(DTest.java:18)
... Removed 37 stack frames]]>
    </failure>
  </testcase> <!-- t2 -->
  <testcase name="t3" time="0.001" classname="com.a.b.DTest">
    <failure type="java.lang.AssertionError" message="  expected [true] but found [false]">
      <![CDATA[java.lang.AssertionError:   expected [true] but found [false]
	at com.a.b.DTest.t3(DTest.java:25)
... Removed 37 stack frames]]>
    </failure>
  </testcase> <!-- t3 -->
</testsuite> <!-- Command line test -->
