<?xml version="1.0" encoding="UTF-8" ?>
<testsuite failures="4" time="0.691" errors="0" skipped="0" tests="6" name="TestSuite">
  <properties>
[...]
</properties>
  <testcase time="0.02" classname="com.a.b.CTest" name="t1"/>
  <testcase time="0.008" classname="com.a.b.CTest" name="t2">
    <failure message="  expected [true] but found [false]" type="java.lang.AssertionError">java.lang.AssertionError:   expected [true] but found [false]
	at org.testng.Assert.fail(Assert.java:94)
	at org.testng.Assert.failNotEquals(Assert.java:513)
	at org.testng.Assert.assertTrue(Assert.java:42)
	at com.a.b.CTest.t2(CTest.java:18)
</failure>
    <system-out>Hi I am test t2
</system-out>
  </testcase>
  <testcase time="0.002" classname="com.a.b.CTest" name="t3">
    <failure message="  expected [true] but found [false]" type="java.lang.AssertionError">java.lang.AssertionError:   expected [true] but found [false]
	at org.testng.Assert.fail(Assert.java:94)
	at org.testng.Assert.failNotEquals(Assert.java:513)
	at org.testng.Assert.assertTrue(Assert.java:42)
	at com.a.b.CTest.t3(CTest.java:25)
</failure>
    <system-out>Hi I am test t3
</system-out>
  </testcase>
  <testcase time="0" classname="com.a.b.DTest" name="t1"/>
  <testcase time="0" classname="com.a.b.DTest" name="t2">
    <failure message="  expected [true] but found [false]" type="java.lang.AssertionError">java.lang.AssertionError:   expected [true] but found [false]
	at org.testng.Assert.fail(Assert.java:94)
	at org.testng.Assert.failNotEquals(Assert.java:513)
	at org.testng.Assert.assertTrue(Assert.java:42)
	at com.a.b.DTest.t2(DTest.java:18)
</failure>
    <system-out>Hi I am test t2
</system-out>
  </testcase>
  <testcase time="0.003" classname="com.a.b.DTest" name="t3">
    <failure message="  expected [true] but found [false]" type="java.lang.AssertionError">java.lang.AssertionError:   expected [true] but found [false]
	at org.testng.Assert.fail(Assert.java:94)
	at org.testng.Assert.failNotEquals(Assert.java:513)
	at org.testng.Assert.assertTrue(Assert.java:42)
	at com.a.b.DTest.t3(DTest.java:25)
</failure>
    <system-out>Hi I am test t3
</system-out>
  </testcase>
</testsuite>