<?xml version="1.0" encoding="UTF-8"?>
<!-- Generated by org.testng.reporters.JUnitXMLReporter -->
<testsuite hostname="NODE105" name="Command line test" tests="3" failures="2" timestamp="23 Aug 2016 08:00:26 GMT" time="0.051" errors="0">
  <testcase name="t1" time="0.02" classname="com.a.b.CTest"/>
  <testcase name="t2" time="0.002" classname="com.a.b.CTest">
    <failure type="java.lang.AssertionError" message="  expected [true] but found [false]">
      <![CDATA[java.lang.AssertionError:   expected [true] but found [false]
	at com.a.b.CTest.t2(CTest.java:18)
... Removed 36 stack frames]]>
    </failure>
  </testcase> <!-- t2 -->
  <testcase name="t3" time="0.0" classname="com.a.b.CTest">
    <failure type="java.lang.AssertionError" message="  expected [true] but found [false]">
      <![CDATA[java.lang.AssertionError:   expected [true] but found [false]
	at com.a.b.CTest.t3(CTest.java:25)
... Removed 36 stack frames]]>
    </failure>
  </testcase> <!-- t3 -->
</testsuite> <!-- Command line test -->
